2022-12-27T13:55:05.887+09:00  INFO 14659 --- [restartedMain] c.G.p.ProductServiceApplication          : Starting ProductServiceApplication using Java 17.0.5 with PID 14659 (/home/geonhyuk/Documents/CS/Java/GetMyGraphicsCard/product-service/out/production/classes started by geonhyuk in /home/geonhyuk/Documents/CS/Java/GetMyGraphicsCard)
2022-12-27T13:55:05.891+09:00  INFO 14659 --- [restartedMain] c.G.p.ProductServiceApplication          : No active profile set, falling back to 1 default profile: "default"
2022-12-27T13:55:05.916+09:00  INFO 14659 --- [restartedMain] .e.DevToolsPropertyDefaultsPostProcessor : Devtools property defaults active! Set 'spring.devtools.add-properties' to 'false' to disable
2022-12-27T13:55:05.917+09:00  INFO 14659 --- [restartedMain] .e.DevToolsPropertyDefaultsPostProcessor : For additional web related logging consider setting the 'logging.level.web' property to 'DEBUG'
2022-12-27T13:55:06.100+09:00  INFO 14659 --- [restartedMain] .s.d.r.c.RepositoryConfigurationDelegate : Bootstrapping Spring Data MongoDB repositories in DEFAULT mode.
2022-12-27T13:55:06.144+09:00  INFO 14659 --- [restartedMain] .s.d.r.c.RepositoryConfigurationDelegate : Finished Spring Data repository scanning in 41 ms. Found 1 MongoDB repository interfaces.
2022-12-27T13:55:06.422+09:00  INFO 14659 --- [restartedMain] o.s.b.w.embedded.tomcat.TomcatWebServer  : Tomcat initialized with port(s): 5000 (http)
2022-12-27T13:55:06.426+09:00  INFO 14659 --- [restartedMain] o.apache.catalina.core.StandardService   : Starting service [Tomcat]
2022-12-27T13:55:06.426+09:00  INFO 14659 --- [restartedMain] o.apache.catalina.core.StandardEngine    : Starting Servlet engine: [Apache Tomcat/10.1.1]
2022-12-27T13:55:06.446+09:00  INFO 14659 --- [restartedMain] o.a.c.c.C.[Tomcat].[localhost].[/]       : Initializing Spring embedded WebApplicationContext
2022-12-27T13:55:06.446+09:00  INFO 14659 --- [restartedMain] w.s.c.ServletWebServerApplicationContext : Root WebApplicationContext: initialization completed in 529 ms
2022-12-27T13:55:06.471+09:00  WARN 14659 --- [restartedMain] ocalVariableTableParameterNameDiscoverer : Using deprecated '-debug' fallback for parameter name resolution. Compile the affected code with '-parameters' instead or avoid its introspection: com.GetMyGraphicsCard.productservice.controller.ItemController
2022-12-27T13:55:06.472+09:00  WARN 14659 --- [restartedMain] ocalVariableTableParameterNameDiscoverer : Using deprecated '-debug' fallback for parameter name resolution. Compile the affected code with '-parameters' instead or avoid its introspection: com.GetMyGraphicsCard.productservice.service.ItemServiceImpl
2022-12-27T13:55:06.517+09:00  INFO 14659 --- [restartedMain] org.mongodb.driver.client                : MongoClient with metadata {"driver": {"name": "mongo-java-driver|sync|spring-data", "version": "4.8.0"}, "os": {"type": "Linux", "name": "Linux", "architecture": "amd64", "version": "5.15.0-56-generic"}, "platform": "Java/Eclipse Adoptium/17.0.5+8"} created with settings MongoClientSettings{readPreference=primary, writeConcern=WriteConcern{w=null, wTimeout=null ms, journal=null}, retryWrites=true, retryReads=true, readConcern=ReadConcern{level=null}, credential=null, streamFactoryFactory=null, commandListeners=[], codecRegistry=ProvidersCodecRegistry{codecProviders=[ValueCodecProvider{}, BsonValueCodecProvider{}, DBRefCodecProvider{}, DBObjectCodecProvider{}, DocumentCodecProvider{}, CollectionCodecProvider{}, IterableCodecProvider{}, MapCodecProvider{}, GeoJsonCodecProvider{}, GridFSFileCodecProvider{}, Jsr310CodecProvider{}, JsonObjectCodecProvider{}, BsonCodecProvider{}, EnumCodecProvider{}, com.mongodb.Jep395RecordCodecProvider@7b0ed928]}, clusterSettings={hosts=[127.0.0.1:27017], srvServiceName=mongodb, mode=SINGLE, requiredClusterType=UNKNOWN, requiredReplicaSetName='null', serverSelector='null', clusterListeners='[]', serverSelectionTimeout='30000 ms', localThreshold='30000 ms'}, socketSettings=SocketSettings{connectTimeoutMS=10000, readTimeoutMS=0, receiveBufferSize=0, sendBufferSize=0}, heartbeatSocketSettings=SocketSettings{connectTimeoutMS=10000, readTimeoutMS=10000, receiveBufferSize=0, sendBufferSize=0}, connectionPoolSettings=ConnectionPoolSettings{maxSize=100, minSize=0, maxWaitTimeMS=120000, maxConnectionLifeTimeMS=0, maxConnectionIdleTimeMS=0, maintenanceInitialDelayMS=0, maintenanceFrequencyMS=60000, connectionPoolListeners=[], maxConnecting=2}, serverSettings=ServerSettings{heartbeatFrequencyMS=10000, minHeartbeatFrequencyMS=500, serverListeners='[]', serverMonitorListeners='[]'}, sslSettings=SslSettings{enabled=false, invalidHostNameAllowed=false, context=null}, applicationName='null', compressorList=[], uuidRepresentation=JAVA_LEGACY, serverApi=null, autoEncryptionSettings=null, contextProvider=null}
2022-12-27T13:55:06.521+09:00  INFO 14659 --- [cluster-ClusterId{value='63aa7aaa9a7f4d02ec770a8b', description='null'}-127.0.0.1:27017] org.mongodb.driver.cluster               : Monitor thread successfully connected to server with description ServerDescription{address=127.0.0.1:27017, type=STANDALONE, state=CONNECTED, ok=true, minWireVersion=0, maxWireVersion=17, maxDocumentSize=16777216, logicalSessionTimeoutMinutes=30, roundTripTimeNanos=7992626}
2022-12-27T13:55:06.622+09:00  INFO 14659 --- [restartedMain] o.s.b.d.a.OptionalLiveReloadServer       : LiveReload server is running on port 35729
2022-12-27T13:55:06.642+09:00  WARN 14659 --- [restartedMain] ocalVariableTableParameterNameDiscoverer : Using deprecated '-debug' fallback for parameter name resolution. Compile the affected code with '-parameters' instead or avoid its introspection: com.GetMyGraphicsCard.productservice.repository.ItemRepository
2022-12-27T13:55:06.647+09:00  WARN 14659 --- [restartedMain] ocalVariableTableParameterNameDiscoverer : Using deprecated '-debug' fallback for parameter name resolution. Compile the affected code with '-parameters' instead or avoid its introspection: com.GetMyGraphicsCard.productservice.service.WebClientServiceImpl
2022-12-27T13:55:06.847+09:00 DEBUG 14659 --- [restartedMain] s.w.s.m.m.a.RequestMappingHandlerAdapter : ControllerAdvice beans: 0 @ModelAttribute, 0 @InitBinder, 1 RequestBodyAdvice, 1 ResponseBodyAdvice
2022-12-27T13:55:06.878+09:00 DEBUG 14659 --- [restartedMain] s.w.s.m.m.a.RequestMappingHandlerMapping : 6 mappings in 'requestMappingHandlerMapping'
2022-12-27T13:55:06.886+09:00 DEBUG 14659 --- [restartedMain] o.s.w.s.handler.SimpleUrlHandlerMapping  : Patterns [/webjars/**, /**] in 'resourceHandlerMapping'
2022-12-27T13:55:06.889+09:00 DEBUG 14659 --- [restartedMain] .m.m.a.ExceptionHandlerExceptionResolver : ControllerAdvice beans: 1 @ExceptionHandler, 1 ResponseBodyAdvice
2022-12-27T13:55:06.974+09:00  INFO 14659 --- [restartedMain] o.s.b.w.embedded.tomcat.TomcatWebServer  : Tomcat started on port(s): 5000 (http) with context path ''
2022-12-27T13:55:06.980+09:00  INFO 14659 --- [restartedMain] c.G.p.ProductServiceApplication          : Started ProductServiceApplication in 1.287 seconds (process running for 1.478)
2022-12-27T13:55:58.201+09:00  INFO 14659 --- [http-nio-5000-exec-1] o.a.c.c.C.[Tomcat].[localhost].[/]       : Initializing Spring DispatcherServlet 'dispatcherServlet'
2022-12-27T13:55:58.202+09:00  INFO 14659 --- [http-nio-5000-exec-1] o.s.web.servlet.DispatcherServlet        : Initializing Servlet 'dispatcherServlet'
2022-12-27T13:55:58.202+09:00 DEBUG 14659 --- [http-nio-5000-exec-1] o.s.web.servlet.DispatcherServlet        : Detected StandardServletMultipartResolver
2022-12-27T13:55:58.202+09:00 DEBUG 14659 --- [http-nio-5000-exec-1] o.s.web.servlet.DispatcherServlet        : Detected AcceptHeaderLocaleResolver
2022-12-27T13:55:58.202+09:00 DEBUG 14659 --- [http-nio-5000-exec-1] o.s.web.servlet.DispatcherServlet        : Detected FixedThemeResolver
2022-12-27T13:55:58.202+09:00 DEBUG 14659 --- [http-nio-5000-exec-1] o.s.web.servlet.DispatcherServlet        : Detected org.springframework.web.servlet.view.DefaultRequestToViewNameTranslator@1cd01356
2022-12-27T13:55:58.202+09:00 DEBUG 14659 --- [http-nio-5000-exec-1] o.s.web.servlet.DispatcherServlet        : Detected org.springframework.web.servlet.support.SessionFlashMapManager@2f6b124d
2022-12-27T13:55:58.202+09:00 DEBUG 14659 --- [http-nio-5000-exec-1] o.s.web.servlet.DispatcherServlet        : enableLoggingRequestDetails='false': request parameters and headers will be masked to prevent unsafe logging of potentially sensitive data
2022-12-27T13:55:58.203+09:00  INFO 14659 --- [http-nio-5000-exec-1] o.s.web.servlet.DispatcherServlet        : Completed initialization in 0 ms
2022-12-27T13:55:58.205+09:00 DEBUG 14659 --- [http-nio-5000-exec-1] o.s.web.servlet.DispatcherServlet        : GET "/api/items/35480507621", parameters={}
2022-12-27T13:55:58.208+09:00 DEBUG 14659 --- [http-nio-5000-exec-1] s.w.s.m.m.a.RequestMappingHandlerMapping : Mapped to com.GetMyGraphicsCard.productservice.controller.ItemController#findItemById(String)
2022-12-27T13:55:58.211+09:00  WARN 14659 --- [http-nio-5000-exec-1] ocalVariableTableParameterNameDiscoverer : Using deprecated '-debug' fallback for parameter name resolution. Compile the affected code with '-parameters' instead or avoid its introspection: com.GetMyGraphicsCard.productservice.controller.ItemController
2022-12-27T13:55:58.243+09:00  INFO 14659 --- [http-nio-5000-exec-1] c.G.p.service.ItemServiceImpl            : Getting ProductId 35480507621 info..
2022-12-27T13:55:58.253+09:00 DEBUG 14659 --- [http-nio-5000-exec-1] m.m.a.RequestResponseBodyMethodProcessor : Using 'application/json', given [*/*] and supported [application/json, application/*+json]
2022-12-27T13:55:58.254+09:00 DEBUG 14659 --- [http-nio-5000-exec-1] m.m.a.RequestResponseBodyMethodProcessor : Writing [ItemResponse(title=INNO3D 지포스 GTX 1630 OC D6 4GB TWIN X2, link=https://search.shopping.naver.com/gat (truncated)...]
2022-12-27T13:55:58.260+09:00 DEBUG 14659 --- [http-nio-5000-exec-1] o.s.web.servlet.DispatcherServlet        : Completed 200 OK
2022-12-27T13:57:23.352+09:00 DEBUG 14659 --- [http-nio-5000-exec-3] o.s.web.servlet.DispatcherServlet        : GET "/api/items/35480507621", parameters={}
2022-12-27T13:57:23.353+09:00 DEBUG 14659 --- [http-nio-5000-exec-3] s.w.s.m.m.a.RequestMappingHandlerMapping : Mapped to com.GetMyGraphicsCard.productservice.controller.ItemController#findItemById(String)
2022-12-27T13:57:23.354+09:00  INFO 14659 --- [http-nio-5000-exec-3] c.G.p.service.ItemServiceImpl            : Getting ProductId 35480507621 info..
2022-12-27T13:57:23.354+09:00 DEBUG 14659 --- [http-nio-5000-exec-3] m.m.a.RequestResponseBodyMethodProcessor : Using 'application/json', given [*/*] and supported [application/json, application/*+json]
2022-12-27T13:57:23.354+09:00 DEBUG 14659 --- [http-nio-5000-exec-3] m.m.a.RequestResponseBodyMethodProcessor : Writing [ItemResponse(title=INNO3D 지포스 GTX 1630 OC D6 4GB TWIN X2, link=https://search.shopping.naver.com/gat (truncated)...]
2022-12-27T13:57:23.355+09:00 DEBUG 14659 --- [http-nio-5000-exec-3] o.s.web.servlet.DispatcherServlet        : Completed 200 OK
2022-12-27T14:33:30.891+09:00  INFO 21185 --- [restartedMain] c.G.p.ProductServiceApplication          : Starting ProductServiceApplication using Java 17.0.5 with PID 21185 (/home/geonhyuk/Documents/CS/Java/GetMyGraphicsCard/product-service/out/production/classes started by geonhyuk in /home/geonhyuk/Documents/CS/Java/GetMyGraphicsCard)
2022-12-27T14:33:30.892+09:00  INFO 21185 --- [restartedMain] c.G.p.ProductServiceApplication          : No active profile set, falling back to 1 default profile: "default"
2022-12-27T14:33:30.910+09:00  INFO 21185 --- [restartedMain] .e.DevToolsPropertyDefaultsPostProcessor : Devtools property defaults active! Set 'spring.devtools.add-properties' to 'false' to disable
2022-12-27T14:33:30.910+09:00  INFO 21185 --- [restartedMain] .e.DevToolsPropertyDefaultsPostProcessor : For additional web related logging consider setting the 'logging.level.web' property to 'DEBUG'
2022-12-27T14:33:31.101+09:00  INFO 21185 --- [restartedMain] .s.d.r.c.RepositoryConfigurationDelegate : Bootstrapping Spring Data MongoDB repositories in DEFAULT mode.
2022-12-27T14:33:31.141+09:00  INFO 21185 --- [restartedMain] .s.d.r.c.RepositoryConfigurationDelegate : Finished Spring Data repository scanning in 38 ms. Found 1 MongoDB repository interfaces.
2022-12-27T14:33:31.392+09:00  INFO 21185 --- [restartedMain] o.s.b.w.embedded.tomcat.TomcatWebServer  : Tomcat initialized with port(s): 5000 (http)
2022-12-27T14:33:31.396+09:00  INFO 21185 --- [restartedMain] o.apache.catalina.core.StandardService   : Starting service [Tomcat]
2022-12-27T14:33:31.396+09:00  INFO 21185 --- [restartedMain] o.apache.catalina.core.StandardEngine    : Starting Servlet engine: [Apache Tomcat/10.1.1]
2022-12-27T14:33:31.415+09:00  INFO 21185 --- [restartedMain] o.a.c.c.C.[Tomcat].[localhost].[/]       : Initializing Spring embedded WebApplicationContext
2022-12-27T14:33:31.415+09:00  INFO 21185 --- [restartedMain] w.s.c.ServletWebServerApplicationContext : Root WebApplicationContext: initialization completed in 504 ms
2022-12-27T14:33:31.437+09:00  WARN 21185 --- [restartedMain] ocalVariableTableParameterNameDiscoverer : Using deprecated '-debug' fallback for parameter name resolution. Compile the affected code with '-parameters' instead or avoid its introspection: com.GetMyGraphicsCard.productservice.controller.ItemController
2022-12-27T14:33:31.438+09:00  WARN 21185 --- [restartedMain] ocalVariableTableParameterNameDiscoverer : Using deprecated '-debug' fallback for parameter name resolution. Compile the affected code with '-parameters' instead or avoid its introspection: com.GetMyGraphicsCard.productservice.service.ItemServiceImpl
2022-12-27T14:33:31.496+09:00  INFO 21185 --- [restartedMain] org.mongodb.driver.client                : MongoClient with metadata {"driver": {"name": "mongo-java-driver|sync|spring-data", "version": "4.8.0"}, "os": {"type": "Linux", "name": "Linux", "architecture": "amd64", "version": "5.15.0-56-generic"}, "platform": "Java/Eclipse Adoptium/17.0.5+8"} created with settings MongoClientSettings{readPreference=primary, writeConcern=WriteConcern{w=null, wTimeout=null ms, journal=null}, retryWrites=true, retryReads=true, readConcern=ReadConcern{level=null}, credential=null, streamFactoryFactory=null, commandListeners=[], codecRegistry=ProvidersCodecRegistry{codecProviders=[ValueCodecProvider{}, BsonValueCodecProvider{}, DBRefCodecProvider{}, DBObjectCodecProvider{}, DocumentCodecProvider{}, CollectionCodecProvider{}, IterableCodecProvider{}, MapCodecProvider{}, GeoJsonCodecProvider{}, GridFSFileCodecProvider{}, Jsr310CodecProvider{}, JsonObjectCodecProvider{}, BsonCodecProvider{}, EnumCodecProvider{}, com.mongodb.Jep395RecordCodecProvider@7cacf7db]}, clusterSettings={hosts=[127.0.0.1:27017], srvServiceName=mongodb, mode=SINGLE, requiredClusterType=UNKNOWN, requiredReplicaSetName='null', serverSelector='null', clusterListeners='[]', serverSelectionTimeout='30000 ms', localThreshold='30000 ms'}, socketSettings=SocketSettings{connectTimeoutMS=10000, readTimeoutMS=0, receiveBufferSize=0, sendBufferSize=0}, heartbeatSocketSettings=SocketSettings{connectTimeoutMS=10000, readTimeoutMS=10000, receiveBufferSize=0, sendBufferSize=0}, connectionPoolSettings=ConnectionPoolSettings{maxSize=100, minSize=0, maxWaitTimeMS=120000, maxConnectionLifeTimeMS=0, maxConnectionIdleTimeMS=0, maintenanceInitialDelayMS=0, maintenanceFrequencyMS=60000, connectionPoolListeners=[], maxConnecting=2}, serverSettings=ServerSettings{heartbeatFrequencyMS=10000, minHeartbeatFrequencyMS=500, serverListeners='[]', serverMonitorListeners='[]'}, sslSettings=SslSettings{enabled=false, invalidHostNameAllowed=false, context=null}, applicationName='null', compressorList=[], uuidRepresentation=JAVA_LEGACY, serverApi=null, autoEncryptionSettings=null, contextProvider=null}
2022-12-27T14:33:31.497+09:00  INFO 21185 --- [cluster-ClusterId{value='63aa83ab7d9cb3722e1b831f', description='null'}-127.0.0.1:27017] org.mongodb.driver.cluster               : Monitor thread successfully connected to server with description ServerDescription{address=127.0.0.1:27017, type=STANDALONE, state=CONNECTED, ok=true, minWireVersion=0, maxWireVersion=17, maxDocumentSize=16777216, logicalSessionTimeoutMinutes=30, roundTripTimeNanos=10824250}
2022-12-27T14:33:31.582+09:00  INFO 21185 --- [restartedMain] o.s.b.d.a.OptionalLiveReloadServer       : LiveReload server is running on port 35729
2022-12-27T14:33:31.601+09:00  WARN 21185 --- [restartedMain] ocalVariableTableParameterNameDiscoverer : Using deprecated '-debug' fallback for parameter name resolution. Compile the affected code with '-parameters' instead or avoid its introspection: com.GetMyGraphicsCard.productservice.repository.ItemRepository
2022-12-27T14:33:31.607+09:00  WARN 21185 --- [restartedMain] ocalVariableTableParameterNameDiscoverer : Using deprecated '-debug' fallback for parameter name resolution. Compile the affected code with '-parameters' instead or avoid its introspection: com.GetMyGraphicsCard.productservice.service.WebClientServiceImpl
2022-12-27T14:33:31.781+09:00 DEBUG 21185 --- [restartedMain] s.w.s.m.m.a.RequestMappingHandlerAdapter : ControllerAdvice beans: 0 @ModelAttribute, 0 @InitBinder, 1 RequestBodyAdvice, 1 ResponseBodyAdvice
2022-12-27T14:33:31.811+09:00 DEBUG 21185 --- [restartedMain] s.w.s.m.m.a.RequestMappingHandlerMapping : 6 mappings in 'requestMappingHandlerMapping'
2022-12-27T14:33:31.819+09:00 DEBUG 21185 --- [restartedMain] o.s.w.s.handler.SimpleUrlHandlerMapping  : Patterns [/webjars/**, /**] in 'resourceHandlerMapping'
2022-12-27T14:33:31.823+09:00 DEBUG 21185 --- [restartedMain] .m.m.a.ExceptionHandlerExceptionResolver : ControllerAdvice beans: 1 @ExceptionHandler, 1 ResponseBodyAdvice
2022-12-27T14:33:31.930+09:00  INFO 21185 --- [restartedMain] o.s.b.w.embedded.tomcat.TomcatWebServer  : Tomcat started on port(s): 5000 (http) with context path ''
2022-12-27T14:33:31.939+09:00  INFO 21185 --- [restartedMain] c.G.p.ProductServiceApplication          : Started ProductServiceApplication in 1.214 seconds (process running for 1.378)
2022-12-27T14:33:46.850+09:00  INFO 21185 --- [http-nio-5000-exec-1] o.a.c.c.C.[Tomcat].[localhost].[/]       : Initializing Spring DispatcherServlet 'dispatcherServlet'
2022-12-27T14:33:46.850+09:00  INFO 21185 --- [http-nio-5000-exec-1] o.s.web.servlet.DispatcherServlet        : Initializing Servlet 'dispatcherServlet'
2022-12-27T14:33:46.850+09:00 DEBUG 21185 --- [http-nio-5000-exec-1] o.s.web.servlet.DispatcherServlet        : Detected StandardServletMultipartResolver
2022-12-27T14:33:46.850+09:00 DEBUG 21185 --- [http-nio-5000-exec-1] o.s.web.servlet.DispatcherServlet        : Detected AcceptHeaderLocaleResolver
2022-12-27T14:33:46.850+09:00 DEBUG 21185 --- [http-nio-5000-exec-1] o.s.web.servlet.DispatcherServlet        : Detected FixedThemeResolver
2022-12-27T14:33:46.851+09:00 DEBUG 21185 --- [http-nio-5000-exec-1] o.s.web.servlet.DispatcherServlet        : Detected org.springframework.web.servlet.view.DefaultRequestToViewNameTranslator@2394c2ba
2022-12-27T14:33:46.851+09:00 DEBUG 21185 --- [http-nio-5000-exec-1] o.s.web.servlet.DispatcherServlet        : Detected org.springframework.web.servlet.support.SessionFlashMapManager@312f507a
2022-12-27T14:33:46.851+09:00 DEBUG 21185 --- [http-nio-5000-exec-1] o.s.web.servlet.DispatcherServlet        : enableLoggingRequestDetails='false': request parameters and headers will be masked to prevent unsafe logging of potentially sensitive data
2022-12-27T14:33:46.851+09:00  INFO 21185 --- [http-nio-5000-exec-1] o.s.web.servlet.DispatcherServlet        : Completed initialization in 1 ms
2022-12-27T14:33:46.853+09:00 DEBUG 21185 --- [http-nio-5000-exec-1] o.s.web.servlet.DispatcherServlet        : GET "/api/items/35480507621", parameters={}
2022-12-27T14:33:46.856+09:00 DEBUG 21185 --- [http-nio-5000-exec-1] s.w.s.m.m.a.RequestMappingHandlerMapping : Mapped to com.GetMyGraphicsCard.productservice.controller.ItemController#findItemById(String)
2022-12-27T14:33:46.860+09:00  WARN 21185 --- [http-nio-5000-exec-1] ocalVariableTableParameterNameDiscoverer : Using deprecated '-debug' fallback for parameter name resolution. Compile the affected code with '-parameters' instead or avoid its introspection: com.GetMyGraphicsCard.productservice.controller.ItemController
2022-12-27T14:33:46.891+09:00  INFO 21185 --- [http-nio-5000-exec-1] c.G.p.service.ItemServiceImpl            : Getting ProductId 35480507621 info..
2022-12-27T14:33:46.900+09:00 DEBUG 21185 --- [http-nio-5000-exec-1] m.m.a.RequestResponseBodyMethodProcessor : Using 'application/json', given [*/*] and supported [application/json, application/*+json]
2022-12-27T14:33:46.902+09:00 DEBUG 21185 --- [http-nio-5000-exec-1] m.m.a.RequestResponseBodyMethodProcessor : Writing [ItemResponse(title=INNO3D 지포스 GTX 1630 OC D6 4GB TWIN X2, link=https://search.shopping.naver.com/gat (truncated)...]
2022-12-27T14:33:46.907+09:00 DEBUG 21185 --- [http-nio-5000-exec-1] o.s.web.servlet.DispatcherServlet        : Completed 200 OK
2022-12-27T14:39:44.915+09:00 DEBUG 21185 --- [http-nio-5000-exec-3] o.s.web.servlet.DispatcherServlet        : GET "/api/items/35480507621", parameters={}
2022-12-27T14:39:44.916+09:00 DEBUG 21185 --- [http-nio-5000-exec-3] s.w.s.m.m.a.RequestMappingHandlerMapping : Mapped to com.GetMyGraphicsCard.productservice.controller.ItemController#findItemById(String)
2022-12-27T14:39:44.917+09:00  INFO 21185 --- [http-nio-5000-exec-3] c.G.p.service.ItemServiceImpl            : Getting ProductId 35480507621 info..
2022-12-27T14:39:44.918+09:00 DEBUG 21185 --- [http-nio-5000-exec-3] m.m.a.RequestResponseBodyMethodProcessor : Using 'application/json', given [*/*] and supported [application/json, application/*+json]
2022-12-27T14:39:44.918+09:00 DEBUG 21185 --- [http-nio-5000-exec-3] m.m.a.RequestResponseBodyMethodProcessor : Writing [ItemResponse(title=INNO3D 지포스 GTX 1630 OC D6 4GB TWIN X2, link=https://search.shopping.naver.com/gat (truncated)...]
2022-12-27T14:39:44.918+09:00 DEBUG 21185 --- [http-nio-5000-exec-3] o.s.web.servlet.DispatcherServlet        : Completed 200 OK
2022-12-27T14:41:13.726+09:00 DEBUG 21185 --- [http-nio-5000-exec-5] o.s.web.servlet.DispatcherServlet        : GET "/api/items/35480507621", parameters={}
2022-12-27T14:41:13.726+09:00 DEBUG 21185 --- [http-nio-5000-exec-5] s.w.s.m.m.a.RequestMappingHandlerMapping : Mapped to com.GetMyGraphicsCard.productservice.controller.ItemController#findItemById(String)
2022-12-27T14:41:13.728+09:00  INFO 21185 --- [http-nio-5000-exec-5] c.G.p.service.ItemServiceImpl            : Getting ProductId 35480507621 info..
2022-12-27T14:41:13.729+09:00 DEBUG 21185 --- [http-nio-5000-exec-5] m.m.a.RequestResponseBodyMethodProcessor : Using 'application/json', given [*/*] and supported [application/json, application/*+json]
2022-12-27T14:41:13.729+09:00 DEBUG 21185 --- [http-nio-5000-exec-5] m.m.a.RequestResponseBodyMethodProcessor : Writing [ItemResponse(title=INNO3D 지포스 GTX 1630 OC D6 4GB TWIN X2, link=https://search.shopping.naver.com/gat (truncated)...]
2022-12-27T14:41:13.729+09:00 DEBUG 21185 --- [http-nio-5000-exec-5] o.s.web.servlet.DispatcherServlet        : Completed 200 OK
2022-12-27T14:42:05.927+09:00 DEBUG 21185 --- [http-nio-5000-exec-6] o.s.web.servlet.DispatcherServlet        : GET "/api/items/33816585619", parameters={}
2022-12-27T14:42:05.927+09:00 DEBUG 21185 --- [http-nio-5000-exec-6] s.w.s.m.m.a.RequestMappingHandlerMapping : Mapped to com.GetMyGraphicsCard.productservice.controller.ItemController#findItemById(String)
2022-12-27T14:42:05.929+09:00  INFO 21185 --- [http-nio-5000-exec-6] c.G.p.service.ItemServiceImpl            : Getting ProductId 33816585619 info..
2022-12-27T14:42:05.929+09:00 DEBUG 21185 --- [http-nio-5000-exec-6] m.m.a.RequestResponseBodyMethodProcessor : Using 'application/json', given [*/*] and supported [application/json, application/*+json]
2022-12-27T14:42:05.929+09:00 DEBUG 21185 --- [http-nio-5000-exec-6] m.m.a.RequestResponseBodyMethodProcessor : Writing [ItemResponse(title=컬러풀 지포스 GTX 1630 토마호크 D6 4GB, link=https://search.shopping.naver.com/gate.nhn?id= (truncated)...]
2022-12-27T14:42:05.930+09:00 DEBUG 21185 --- [http-nio-5000-exec-6] o.s.web.servlet.DispatcherServlet        : Completed 200 OK
2022-12-27T14:42:29.173+09:00 DEBUG 21185 --- [http-nio-5000-exec-7] o.s.web.servlet.DispatcherServlet        : GET "/api/items/33816585619", parameters={}
2022-12-27T14:42:29.173+09:00 DEBUG 21185 --- [http-nio-5000-exec-7] s.w.s.m.m.a.RequestMappingHandlerMapping : Mapped to com.GetMyGraphicsCard.productservice.controller.ItemController#findItemById(String)
2022-12-27T14:42:29.175+09:00  INFO 21185 --- [http-nio-5000-exec-7] c.G.p.service.ItemServiceImpl            : Getting ProductId 33816585619 info..
2022-12-27T14:42:29.175+09:00 DEBUG 21185 --- [http-nio-5000-exec-7] m.m.a.RequestResponseBodyMethodProcessor : Using 'application/json', given [*/*] and supported [application/json, application/*+json]
2022-12-27T14:42:29.175+09:00 DEBUG 21185 --- [http-nio-5000-exec-7] m.m.a.RequestResponseBodyMethodProcessor : Writing [ItemResponse(title=컬러풀 지포스 GTX 1630 토마호크 D6 4GB, link=https://search.shopping.naver.com/gate.nhn?id= (truncated)...]
2022-12-27T14:42:29.176+09:00 DEBUG 21185 --- [http-nio-5000-exec-7] o.s.web.servlet.DispatcherServlet        : Completed 200 OK
