2022-12-24T17:27:33.945+09:00  WARN 50412 --- [main] ory$DuplicateJsonObjectContextCustomizer : 

Found multiple occurrences of org.json.JSONObject on the class path:

	jar:file:/home/geonhyuk/.gradle/caches/modules-2/files-2.1/org.json/json/20220320/6df2c050972619466f6dcef7654ef9bcc01dfd0/json-20220320.jar!/org/json/JSONObject.class
	jar:file:/home/geonhyuk/.gradle/caches/modules-2/files-2.1/com.vaadin.external.google/android-json/0.0.20131108.vaadin1/fa26d351fe62a6a17f5cda1287c1c6110dec413f/android-json-0.0.20131108.vaadin1.jar!/org/json/JSONObject.class

You may wish to exclude one of them to ensure predictable runtime behavior

2022-12-24T17:27:33.952+09:00  INFO 50412 --- [main] c.G.p.service.ItemServiceTest            : Starting ItemServiceTest using Java 17.0.5 with PID 50412 (started by geonhyuk in /home/geonhyuk/Documents/CS/Java/GetMyGraphicsCard/product-service)
2022-12-24T17:27:33.954+09:00  INFO 50412 --- [main] c.G.p.service.ItemServiceTest            : No active profile set, falling back to 1 default profile: "default"
2022-12-24T17:27:33.964+09:00 DEBUG 50412 --- [main] o.s.w.c.s.GenericWebApplicationContext   : Refreshing org.springframework.web.context.support.GenericWebApplicationContext@1dfd5f51
2022-12-24T17:27:34.111+09:00  INFO 50412 --- [main] .s.d.r.c.RepositoryConfigurationDelegate : Bootstrapping Spring Data MongoDB repositories in DEFAULT mode.
2022-12-24T17:27:34.159+09:00  INFO 50412 --- [main] .s.d.r.c.RepositoryConfigurationDelegate : Finished Spring Data repository scanning in 46 ms. Found 1 MongoDB repository interfaces.
2022-12-24T17:27:34.476+09:00  WARN 50412 --- [main] ocalVariableTableParameterNameDiscoverer : Using deprecated '-debug' fallback for parameter name resolution. Compile the affected code with '-parameters' instead or avoid its introspection: com.GetMyGraphicsCard.productservice.controller.ItemController
2022-12-24T17:27:34.477+09:00  WARN 50412 --- [main] ocalVariableTableParameterNameDiscoverer : Using deprecated '-debug' fallback for parameter name resolution. Compile the affected code with '-parameters' instead or avoid its introspection: com.GetMyGraphicsCard.productservice.service.ItemServiceImpl
2022-12-24T17:27:34.478+09:00  WARN 50412 --- [main] ocalVariableTableParameterNameDiscoverer : Using deprecated '-debug' fallback for parameter name resolution. Compile the affected code with '-parameters' instead or avoid its introspection: com.GetMyGraphicsCard.productservice.service.WebClientServiceImpl
2022-12-24T17:27:34.584+09:00  INFO 50412 --- [main] org.mongodb.driver.client                : MongoClient with metadata {"driver": {"name": "mongo-java-driver|sync|spring-data", "version": "4.8.0"}, "os": {"type": "Linux", "name": "Linux", "architecture": "amd64", "version": "5.15.0-56-generic"}, "platform": "Java/Eclipse Adoptium/17.0.5+8"} created with settings MongoClientSettings{readPreference=primary, writeConcern=WriteConcern{w=null, wTimeout=null ms, journal=null}, retryWrites=true, retryReads=true, readConcern=ReadConcern{level=null}, credential=null, streamFactoryFactory=null, commandListeners=[], codecRegistry=ProvidersCodecRegistry{codecProviders=[ValueCodecProvider{}, BsonValueCodecProvider{}, DBRefCodecProvider{}, DBObjectCodecProvider{}, DocumentCodecProvider{}, CollectionCodecProvider{}, IterableCodecProvider{}, MapCodecProvider{}, GeoJsonCodecProvider{}, GridFSFileCodecProvider{}, Jsr310CodecProvider{}, JsonObjectCodecProvider{}, BsonCodecProvider{}, EnumCodecProvider{}, com.mongodb.Jep395RecordCodecProvider@4751cd3]}, clusterSettings={hosts=[127.0.0.1:27017], srvServiceName=mongodb, mode=SINGLE, requiredClusterType=UNKNOWN, requiredReplicaSetName='null', serverSelector='null', clusterListeners='[]', serverSelectionTimeout='30000 ms', localThreshold='30000 ms'}, socketSettings=SocketSettings{connectTimeoutMS=10000, readTimeoutMS=0, receiveBufferSize=0, sendBufferSize=0}, heartbeatSocketSettings=SocketSettings{connectTimeoutMS=10000, readTimeoutMS=10000, receiveBufferSize=0, sendBufferSize=0}, connectionPoolSettings=ConnectionPoolSettings{maxSize=100, minSize=0, maxWaitTimeMS=120000, maxConnectionLifeTimeMS=0, maxConnectionIdleTimeMS=0, maintenanceInitialDelayMS=0, maintenanceFrequencyMS=60000, connectionPoolListeners=[], maxConnecting=2}, serverSettings=ServerSettings{heartbeatFrequencyMS=10000, minHeartbeatFrequencyMS=500, serverListeners='[]', serverMonitorListeners='[]'}, sslSettings=SslSettings{enabled=false, invalidHostNameAllowed=false, context=null}, applicationName='null', compressorList=[], uuidRepresentation=JAVA_LEGACY, serverApi=null, autoEncryptionSettings=null, contextProvider=null}
2022-12-24T17:27:34.594+09:00  INFO 50412 --- [cluster-ClusterId{value='63a6b7f6a4d6e87ee1515b80', description='null'}-127.0.0.1:27017] org.mongodb.driver.cluster               : Monitor thread successfully connected to server with description ServerDescription{address=127.0.0.1:27017, type=STANDALONE, state=CONNECTED, ok=true, minWireVersion=0, maxWireVersion=17, maxDocumentSize=16777216, logicalSessionTimeoutMinutes=30, roundTripTimeNanos=10267564}
2022-12-24T17:27:34.847+09:00 DEBUG 50412 --- [main] s.w.s.m.m.a.RequestMappingHandlerAdapter : ControllerAdvice beans: 0 @ModelAttribute, 0 @InitBinder, 1 RequestBodyAdvice, 1 ResponseBodyAdvice
2022-12-24T17:27:34.877+09:00 DEBUG 50412 --- [main] s.w.s.m.m.a.RequestMappingHandlerMapping : 5 mappings in 'requestMappingHandlerMapping'
2022-12-24T17:27:34.885+09:00 DEBUG 50412 --- [main] o.s.w.s.handler.SimpleUrlHandlerMapping  : Patterns [/webjars/**, /**] in 'resourceHandlerMapping'
2022-12-24T17:27:34.888+09:00 DEBUG 50412 --- [main] .m.m.a.ExceptionHandlerExceptionResolver : ControllerAdvice beans: 1 @ExceptionHandler, 1 ResponseBodyAdvice
2022-12-24T17:27:34.966+09:00  INFO 50412 --- [main] c.G.p.service.ItemServiceTest            : Started ItemServiceTest in 1.148 seconds (process running for 1.494)
2022-12-24T17:27:34.986+09:00  INFO 50412 --- [main] c.G.p.service.ItemServiceImpl            : Finding items by title 3060..
2022-12-24T17:27:34.992+09:00 DEBUG 50412 --- [SpringApplicationShutdownHook] o.s.w.c.s.GenericWebApplicationContext   : Closing org.springframework.web.context.support.GenericWebApplicationContext@1dfd5f51, started on Sat Dec 24 17:27:33 KST 2022
2022-12-24T17:27:40.074+09:00  INFO 50508 --- [restartedMain] c.G.p.ProductServiceApplication          : Starting ProductServiceApplication using Java 17.0.5 with PID 50508 (/home/geonhyuk/Documents/CS/Java/GetMyGraphicsCard/product-service/out/production/classes started by geonhyuk in /home/geonhyuk/Documents/CS/Java/GetMyGraphicsCard/product-service)
2022-12-24T17:27:40.077+09:00  INFO 50508 --- [restartedMain] c.G.p.ProductServiceApplication          : No active profile set, falling back to 1 default profile: "default"
2022-12-24T17:27:40.107+09:00  INFO 50508 --- [restartedMain] .e.DevToolsPropertyDefaultsPostProcessor : Devtools property defaults active! Set 'spring.devtools.add-properties' to 'false' to disable
2022-12-24T17:27:40.107+09:00  INFO 50508 --- [restartedMain] .e.DevToolsPropertyDefaultsPostProcessor : For additional web related logging consider setting the 'logging.level.web' property to 'DEBUG'
2022-12-24T17:27:40.266+09:00  INFO 50508 --- [restartedMain] .s.d.r.c.RepositoryConfigurationDelegate : Bootstrapping Spring Data MongoDB repositories in DEFAULT mode.
2022-12-24T17:27:40.308+09:00  INFO 50508 --- [restartedMain] .s.d.r.c.RepositoryConfigurationDelegate : Finished Spring Data repository scanning in 40 ms. Found 1 MongoDB repository interfaces.
2022-12-24T17:27:40.583+09:00  INFO 50508 --- [restartedMain] o.s.b.w.embedded.tomcat.TomcatWebServer  : Tomcat initialized with port(s): 5000 (http)
2022-12-24T17:27:40.588+09:00  INFO 50508 --- [restartedMain] o.apache.catalina.core.StandardService   : Starting service [Tomcat]
2022-12-24T17:27:40.588+09:00  INFO 50508 --- [restartedMain] o.apache.catalina.core.StandardEngine    : Starting Servlet engine: [Apache Tomcat/10.1.1]
2022-12-24T17:27:40.607+09:00  INFO 50508 --- [restartedMain] o.a.c.c.C.[Tomcat].[localhost].[/]       : Initializing Spring embedded WebApplicationContext
2022-12-24T17:27:40.608+09:00  INFO 50508 --- [restartedMain] w.s.c.ServletWebServerApplicationContext : Root WebApplicationContext: initialization completed in 501 ms
2022-12-24T17:27:40.630+09:00  WARN 50508 --- [restartedMain] ocalVariableTableParameterNameDiscoverer : Using deprecated '-debug' fallback for parameter name resolution. Compile the affected code with '-parameters' instead or avoid its introspection: com.GetMyGraphicsCard.productservice.controller.ItemController
2022-12-24T17:27:40.631+09:00  WARN 50508 --- [restartedMain] ocalVariableTableParameterNameDiscoverer : Using deprecated '-debug' fallback for parameter name resolution. Compile the affected code with '-parameters' instead or avoid its introspection: com.GetMyGraphicsCard.productservice.service.ItemServiceImpl
2022-12-24T17:27:40.673+09:00  INFO 50508 --- [restartedMain] org.mongodb.driver.client                : MongoClient with metadata {"driver": {"name": "mongo-java-driver|sync|spring-data", "version": "4.8.0"}, "os": {"type": "Linux", "name": "Linux", "architecture": "amd64", "version": "5.15.0-56-generic"}, "platform": "Java/Eclipse Adoptium/17.0.5+8"} created with settings MongoClientSettings{readPreference=primary, writeConcern=WriteConcern{w=null, wTimeout=null ms, journal=null}, retryWrites=true, retryReads=true, readConcern=ReadConcern{level=null}, credential=null, streamFactoryFactory=null, commandListeners=[], codecRegistry=ProvidersCodecRegistry{codecProviders=[ValueCodecProvider{}, BsonValueCodecProvider{}, DBRefCodecProvider{}, DBObjectCodecProvider{}, DocumentCodecProvider{}, CollectionCodecProvider{}, IterableCodecProvider{}, MapCodecProvider{}, GeoJsonCodecProvider{}, GridFSFileCodecProvider{}, Jsr310CodecProvider{}, JsonObjectCodecProvider{}, BsonCodecProvider{}, EnumCodecProvider{}, com.mongodb.Jep395RecordCodecProvider@8aed238]}, clusterSettings={hosts=[127.0.0.1:27017], srvServiceName=mongodb, mode=SINGLE, requiredClusterType=UNKNOWN, requiredReplicaSetName='null', serverSelector='null', clusterListeners='[]', serverSelectionTimeout='30000 ms', localThreshold='30000 ms'}, socketSettings=SocketSettings{connectTimeoutMS=10000, readTimeoutMS=0, receiveBufferSize=0, sendBufferSize=0}, heartbeatSocketSettings=SocketSettings{connectTimeoutMS=10000, readTimeoutMS=10000, receiveBufferSize=0, sendBufferSize=0}, connectionPoolSettings=ConnectionPoolSettings{maxSize=100, minSize=0, maxWaitTimeMS=120000, maxConnectionLifeTimeMS=0, maxConnectionIdleTimeMS=0, maintenanceInitialDelayMS=0, maintenanceFrequencyMS=60000, connectionPoolListeners=[], maxConnecting=2}, serverSettings=ServerSettings{heartbeatFrequencyMS=10000, minHeartbeatFrequencyMS=500, serverListeners='[]', serverMonitorListeners='[]'}, sslSettings=SslSettings{enabled=false, invalidHostNameAllowed=false, context=null}, applicationName='null', compressorList=[], uuidRepresentation=JAVA_LEGACY, serverApi=null, autoEncryptionSettings=null, contextProvider=null}
2022-12-24T17:27:40.678+09:00  INFO 50508 --- [cluster-ClusterId{value='63a6b7fcaf27896b0b530bf2', description='null'}-127.0.0.1:27017] org.mongodb.driver.cluster               : Monitor thread successfully connected to server with description ServerDescription{address=127.0.0.1:27017, type=STANDALONE, state=CONNECTED, ok=true, minWireVersion=0, maxWireVersion=17, maxDocumentSize=16777216, logicalSessionTimeoutMinutes=30, roundTripTimeNanos=7819842}
2022-12-24T17:27:40.756+09:00  INFO 50508 --- [restartedMain] o.s.b.d.a.OptionalLiveReloadServer       : LiveReload server is running on port 35729
2022-12-24T17:27:40.776+09:00  WARN 50508 --- [restartedMain] ocalVariableTableParameterNameDiscoverer : Using deprecated '-debug' fallback for parameter name resolution. Compile the affected code with '-parameters' instead or avoid its introspection: com.GetMyGraphicsCard.productservice.repository.ItemRepository
2022-12-24T17:27:40.782+09:00  WARN 50508 --- [restartedMain] ocalVariableTableParameterNameDiscoverer : Using deprecated '-debug' fallback for parameter name resolution. Compile the affected code with '-parameters' instead or avoid its introspection: com.GetMyGraphicsCard.productservice.service.WebClientServiceImpl
2022-12-24T17:27:40.960+09:00 DEBUG 50508 --- [restartedMain] s.w.s.m.m.a.RequestMappingHandlerAdapter : ControllerAdvice beans: 0 @ModelAttribute, 0 @InitBinder, 1 RequestBodyAdvice, 1 ResponseBodyAdvice
2022-12-24T17:27:40.987+09:00 DEBUG 50508 --- [restartedMain] s.w.s.m.m.a.RequestMappingHandlerMapping : 5 mappings in 'requestMappingHandlerMapping'
2022-12-24T17:27:40.996+09:00 DEBUG 50508 --- [restartedMain] o.s.w.s.handler.SimpleUrlHandlerMapping  : Patterns [/webjars/**, /**] in 'resourceHandlerMapping'
2022-12-24T17:27:40.999+09:00 DEBUG 50508 --- [restartedMain] .m.m.a.ExceptionHandlerExceptionResolver : ControllerAdvice beans: 1 @ExceptionHandler, 1 ResponseBodyAdvice
2022-12-24T17:27:41.075+09:00  INFO 50508 --- [restartedMain] o.s.b.w.embedded.tomcat.TomcatWebServer  : Tomcat started on port(s): 5000 (http) with context path ''
2022-12-24T17:27:41.081+09:00  INFO 50508 --- [restartedMain] c.G.p.ProductServiceApplication          : Started ProductServiceApplication in 1.202 seconds (process running for 1.367)
2022-12-24T17:27:44.868+09:00  INFO 50508 --- [http-nio-5000-exec-1] o.a.c.c.C.[Tomcat].[localhost].[/]       : Initializing Spring DispatcherServlet 'dispatcherServlet'
2022-12-24T17:27:44.869+09:00  INFO 50508 --- [http-nio-5000-exec-1] o.s.web.servlet.DispatcherServlet        : Initializing Servlet 'dispatcherServlet'
2022-12-24T17:27:44.869+09:00 DEBUG 50508 --- [http-nio-5000-exec-1] o.s.web.servlet.DispatcherServlet        : Detected StandardServletMultipartResolver
2022-12-24T17:27:44.869+09:00 DEBUG 50508 --- [http-nio-5000-exec-1] o.s.web.servlet.DispatcherServlet        : Detected AcceptHeaderLocaleResolver
2022-12-24T17:27:44.869+09:00 DEBUG 50508 --- [http-nio-5000-exec-1] o.s.web.servlet.DispatcherServlet        : Detected FixedThemeResolver
2022-12-24T17:27:44.869+09:00 DEBUG 50508 --- [http-nio-5000-exec-1] o.s.web.servlet.DispatcherServlet        : Detected org.springframework.web.servlet.view.DefaultRequestToViewNameTranslator@6a39c7fb
2022-12-24T17:27:44.869+09:00 DEBUG 50508 --- [http-nio-5000-exec-1] o.s.web.servlet.DispatcherServlet        : Detected org.springframework.web.servlet.support.SessionFlashMapManager@6b76cccf
2022-12-24T17:27:44.869+09:00 DEBUG 50508 --- [http-nio-5000-exec-1] o.s.web.servlet.DispatcherServlet        : enableLoggingRequestDetails='false': request parameters and headers will be masked to prevent unsafe logging of potentially sensitive data
2022-12-24T17:27:44.869+09:00  INFO 50508 --- [http-nio-5000-exec-1] o.s.web.servlet.DispatcherServlet        : Completed initialization in 0 ms
2022-12-24T17:27:44.872+09:00 DEBUG 50508 --- [http-nio-5000-exec-1] o.s.web.servlet.DispatcherServlet        : GET "/api/items", parameters={}
2022-12-24T17:27:44.874+09:00 DEBUG 50508 --- [http-nio-5000-exec-1] s.w.s.m.m.a.RequestMappingHandlerMapping : Mapped to com.GetMyGraphicsCard.productservice.controller.ItemController#getAllItems()
2022-12-24T17:27:44.945+09:00 DEBUG 50508 --- [http-nio-5000-exec-1] m.m.a.RequestResponseBodyMethodProcessor : Using 'application/json;q=0.8', given [text/html, application/xhtml+xml, image/avif, image/webp, image/apng, application/xml;q=0.9, application/signed-exchange;v=b3;q=0.9, */*;q=0.8] and supported [application/json, application/*+json]
2022-12-24T17:27:44.952+09:00 DEBUG 50508 --- [http-nio-5000-exec-1] m.m.a.RequestResponseBodyMethodProcessor : Writing [[ItemResponse(title=INNO3D 지포스 GTX 1630 OC D6 4GB TWIN X2, link=https://search.shopping.naver.com/ga (truncated)...]
2022-12-24T17:27:44.971+09:00 DEBUG 50508 --- [http-nio-5000-exec-1] o.s.web.servlet.DispatcherServlet        : Completed 200 OK
2022-12-24T17:27:45.842+09:00 DEBUG 50508 --- [http-nio-5000-exec-2] o.s.web.servlet.DispatcherServlet        : GET "/favicon.ico", parameters={}
2022-12-24T17:27:45.845+09:00 DEBUG 50508 --- [http-nio-5000-exec-2] o.s.w.s.handler.SimpleUrlHandlerMapping  : Mapped to ResourceHttpRequestHandler [classpath [META-INF/resources/], classpath [resources/], classpath [static/], classpath [public/], ServletContext [/]]
2022-12-24T17:27:45.846+09:00 DEBUG 50508 --- [http-nio-5000-exec-2] o.s.w.s.r.ResourceHttpRequestHandler     : Resource not found
2022-12-24T17:27:45.846+09:00 DEBUG 50508 --- [http-nio-5000-exec-2] o.s.web.servlet.DispatcherServlet        : Completed 404 NOT_FOUND
2022-12-24T17:27:45.847+09:00 DEBUG 50508 --- [http-nio-5000-exec-2] o.s.web.servlet.DispatcherServlet        : "ERROR" dispatch for GET "/error", parameters={}
2022-12-24T17:27:45.848+09:00 DEBUG 50508 --- [http-nio-5000-exec-2] s.w.s.m.m.a.RequestMappingHandlerMapping : Mapped to org.springframework.boot.autoconfigure.web.servlet.error.BasicErrorController#error(HttpServletRequest)
2022-12-24T17:27:45.852+09:00 DEBUG 50508 --- [http-nio-5000-exec-2] o.s.w.s.m.m.a.HttpEntityMethodProcessor  : Using 'application/json;q=0.8', given [image/avif, image/webp, image/apng, image/svg+xml, image/*, */*;q=0.8] and supported [application/json, application/*+json]
2022-12-24T17:27:45.852+09:00 DEBUG 50508 --- [http-nio-5000-exec-2] o.s.w.s.m.m.a.HttpEntityMethodProcessor  : Writing [{timestamp=Sat Dec 24 17:27:45 KST 2022, status=404, error=Not Found, message=No message available,  (truncated)...]
2022-12-24T17:27:45.857+09:00 DEBUG 50508 --- [http-nio-5000-exec-2] o.s.web.servlet.DispatcherServlet        : Exiting from "ERROR" dispatch, status 404
2022-12-24T17:27:52.866+09:00 DEBUG 50508 --- [http-nio-5000-exec-3] o.s.web.servlet.DispatcherServlet        : GET "/api/items/search?title=RTX%203060", parameters={masked}
2022-12-24T17:27:52.866+09:00 DEBUG 50508 --- [http-nio-5000-exec-3] s.w.s.m.m.a.RequestMappingHandlerMapping : Mapped to com.GetMyGraphicsCard.productservice.controller.ItemController#findAllItemsByTitle(String)
2022-12-24T17:27:52.869+09:00  WARN 50508 --- [http-nio-5000-exec-3] ocalVariableTableParameterNameDiscoverer : Using deprecated '-debug' fallback for parameter name resolution. Compile the affected code with '-parameters' instead or avoid its introspection: com.GetMyGraphicsCard.productservice.controller.ItemController
2022-12-24T17:27:52.875+09:00  INFO 50508 --- [http-nio-5000-exec-3] c.G.p.service.ItemServiceImpl            : Finding items by title RTX 3060..
2022-12-24T17:27:52.899+09:00 DEBUG 50508 --- [http-nio-5000-exec-3] m.m.a.RequestResponseBodyMethodProcessor : Using 'application/json;q=0.8', given [text/html, application/xhtml+xml, image/avif, image/webp, image/apng, application/xml;q=0.9, application/signed-exchange;v=b3;q=0.9, */*;q=0.8] and supported [application/json, application/*+json]
2022-12-24T17:27:52.900+09:00 DEBUG 50508 --- [http-nio-5000-exec-3] m.m.a.RequestResponseBodyMethodProcessor : Writing [[ItemResponse(title=RTX 3060/3070/3070Ti Ultra 화이트 그래픽카드 COLORFUL iGAME 지포스 RTX 3060 Ti Ultra OC D6  (truncated)...]
2022-12-24T17:27:52.906+09:00 DEBUG 50508 --- [http-nio-5000-exec-3] o.s.web.servlet.DispatcherServlet        : Completed 200 OK
2022-12-24T17:27:58.211+09:00 DEBUG 50508 --- [http-nio-5000-exec-4] o.s.web.servlet.DispatcherServlet        : GET "/api/items/search?title=3070", parameters={masked}
2022-12-24T17:27:58.211+09:00 DEBUG 50508 --- [http-nio-5000-exec-4] s.w.s.m.m.a.RequestMappingHandlerMapping : Mapped to com.GetMyGraphicsCard.productservice.controller.ItemController#findAllItemsByTitle(String)
2022-12-24T17:27:58.212+09:00  INFO 50508 --- [http-nio-5000-exec-4] c.G.p.service.ItemServiceImpl            : Finding items by title 3070..
2022-12-24T17:27:58.217+09:00 DEBUG 50508 --- [http-nio-5000-exec-4] m.m.a.RequestResponseBodyMethodProcessor : Using 'application/json;q=0.8', given [text/html, application/xhtml+xml, image/avif, image/webp, image/apng, application/xml;q=0.9, application/signed-exchange;v=b3;q=0.9, */*;q=0.8] and supported [application/json, application/*+json]
2022-12-24T17:27:58.217+09:00 DEBUG 50508 --- [http-nio-5000-exec-4] m.m.a.RequestResponseBodyMethodProcessor : Writing [[ItemResponse(title=Nvidia Geforce RTX 3070 FE 지포스 RTX 3070 파운더스 에디션, link=https://search.shopping.n (truncated)...]
2022-12-24T17:27:58.218+09:00 DEBUG 50508 --- [http-nio-5000-exec-4] o.s.web.servlet.DispatcherServlet        : Completed 200 OK
2022-12-24T17:28:23.109+09:00 DEBUG 50508 --- [http-nio-5000-exec-5] o.s.web.servlet.DispatcherServlet        : GET "/api/items/search?title=3080", parameters={masked}
2022-12-24T17:28:23.110+09:00 DEBUG 50508 --- [http-nio-5000-exec-5] s.w.s.m.m.a.RequestMappingHandlerMapping : Mapped to com.GetMyGraphicsCard.productservice.controller.ItemController#findAllItemsByTitle(String)
2022-12-24T17:28:23.110+09:00  INFO 50508 --- [http-nio-5000-exec-5] c.G.p.service.ItemServiceImpl            : Finding items by title 3080..
2022-12-24T17:28:23.116+09:00 DEBUG 50508 --- [http-nio-5000-exec-5] m.m.a.RequestResponseBodyMethodProcessor : Using 'application/json;q=0.8', given [text/html, application/xhtml+xml, image/avif, image/webp, image/apng, application/xml;q=0.9, application/signed-exchange;v=b3;q=0.9, */*;q=0.8] and supported [application/json, application/*+json]
2022-12-24T17:28:23.116+09:00 DEBUG 50508 --- [http-nio-5000-exec-5] m.m.a.RequestResponseBodyMethodProcessor : Writing [[ItemResponse(title=엔비디아 지 RTX 3080 파운더스 에디션 Nvidia Geforce RTX 3080 FE, link=https://search.shoppin (truncated)...]
2022-12-24T17:28:23.117+09:00 DEBUG 50508 --- [http-nio-5000-exec-5] o.s.web.servlet.DispatcherServlet        : Completed 200 OK
2022-12-24T18:32:25.291+09:00  INFO 58357 --- [restartedMain] c.G.p.ProductServiceApplication          : Starting ProductServiceApplication using Java 17.0.5 with PID 58357 (/home/geonhyuk/Documents/CS/Java/GetMyGraphicsCard/product-service/out/production/classes started by geonhyuk in /home/geonhyuk/Documents/CS/Java/GetMyGraphicsCard/product-service)
2022-12-24T18:32:25.293+09:00  INFO 58357 --- [restartedMain] c.G.p.ProductServiceApplication          : No active profile set, falling back to 1 default profile: "default"
2022-12-24T18:32:25.323+09:00  INFO 58357 --- [restartedMain] .e.DevToolsPropertyDefaultsPostProcessor : Devtools property defaults active! Set 'spring.devtools.add-properties' to 'false' to disable
2022-12-24T18:32:25.324+09:00  INFO 58357 --- [restartedMain] .e.DevToolsPropertyDefaultsPostProcessor : For additional web related logging consider setting the 'logging.level.web' property to 'DEBUG'
2022-12-24T18:32:25.488+09:00  INFO 58357 --- [restartedMain] .s.d.r.c.RepositoryConfigurationDelegate : Bootstrapping Spring Data MongoDB repositories in DEFAULT mode.
2022-12-24T18:32:25.527+09:00  INFO 58357 --- [restartedMain] .s.d.r.c.RepositoryConfigurationDelegate : Finished Spring Data repository scanning in 38 ms. Found 1 MongoDB repository interfaces.
2022-12-24T18:32:25.781+09:00  INFO 58357 --- [restartedMain] o.s.b.w.embedded.tomcat.TomcatWebServer  : Tomcat initialized with port(s): 5000 (http)
2022-12-24T18:32:25.785+09:00  INFO 58357 --- [restartedMain] o.apache.catalina.core.StandardService   : Starting service [Tomcat]
2022-12-24T18:32:25.785+09:00  INFO 58357 --- [restartedMain] o.apache.catalina.core.StandardEngine    : Starting Servlet engine: [Apache Tomcat/10.1.1]
2022-12-24T18:32:25.804+09:00  INFO 58357 --- [restartedMain] o.a.c.c.C.[Tomcat].[localhost].[/]       : Initializing Spring embedded WebApplicationContext
2022-12-24T18:32:25.804+09:00  INFO 58357 --- [restartedMain] w.s.c.ServletWebServerApplicationContext : Root WebApplicationContext: initialization completed in 480 ms
2022-12-24T18:32:25.827+09:00  WARN 58357 --- [restartedMain] ocalVariableTableParameterNameDiscoverer : Using deprecated '-debug' fallback for parameter name resolution. Compile the affected code with '-parameters' instead or avoid its introspection: com.GetMyGraphicsCard.productservice.controller.ItemController
2022-12-24T18:32:25.828+09:00  WARN 58357 --- [restartedMain] ocalVariableTableParameterNameDiscoverer : Using deprecated '-debug' fallback for parameter name resolution. Compile the affected code with '-parameters' instead or avoid its introspection: com.GetMyGraphicsCard.productservice.service.ItemServiceImpl
2022-12-24T18:32:25.889+09:00  INFO 58357 --- [restartedMain] org.mongodb.driver.client                : MongoClient with metadata {"driver": {"name": "mongo-java-driver|sync|spring-data", "version": "4.8.0"}, "os": {"type": "Linux", "name": "Linux", "architecture": "amd64", "version": "5.15.0-56-generic"}, "platform": "Java/Eclipse Adoptium/17.0.5+8"} created with settings MongoClientSettings{readPreference=primary, writeConcern=WriteConcern{w=null, wTimeout=null ms, journal=null}, retryWrites=true, retryReads=true, readConcern=ReadConcern{level=null}, credential=null, streamFactoryFactory=null, commandListeners=[], codecRegistry=ProvidersCodecRegistry{codecProviders=[ValueCodecProvider{}, BsonValueCodecProvider{}, DBRefCodecProvider{}, DBObjectCodecProvider{}, DocumentCodecProvider{}, CollectionCodecProvider{}, IterableCodecProvider{}, MapCodecProvider{}, GeoJsonCodecProvider{}, GridFSFileCodecProvider{}, Jsr310CodecProvider{}, JsonObjectCodecProvider{}, BsonCodecProvider{}, EnumCodecProvider{}, com.mongodb.Jep395RecordCodecProvider@6cf39d10]}, clusterSettings={hosts=[127.0.0.1:27017], srvServiceName=mongodb, mode=SINGLE, requiredClusterType=UNKNOWN, requiredReplicaSetName='null', serverSelector='null', clusterListeners='[]', serverSelectionTimeout='30000 ms', localThreshold='30000 ms'}, socketSettings=SocketSettings{connectTimeoutMS=10000, readTimeoutMS=0, receiveBufferSize=0, sendBufferSize=0}, heartbeatSocketSettings=SocketSettings{connectTimeoutMS=10000, readTimeoutMS=10000, receiveBufferSize=0, sendBufferSize=0}, connectionPoolSettings=ConnectionPoolSettings{maxSize=100, minSize=0, maxWaitTimeMS=120000, maxConnectionLifeTimeMS=0, maxConnectionIdleTimeMS=0, maintenanceInitialDelayMS=0, maintenanceFrequencyMS=60000, connectionPoolListeners=[], maxConnecting=2}, serverSettings=ServerSettings{heartbeatFrequencyMS=10000, minHeartbeatFrequencyMS=500, serverListeners='[]', serverMonitorListeners='[]'}, sslSettings=SslSettings{enabled=false, invalidHostNameAllowed=false, context=null}, applicationName='null', compressorList=[], uuidRepresentation=JAVA_LEGACY, serverApi=null, autoEncryptionSettings=null, contextProvider=null}
2022-12-24T18:32:25.890+09:00  INFO 58357 --- [cluster-ClusterId{value='63a6c729dbaef320f03e75b6', description='null'}-127.0.0.1:27017] org.mongodb.driver.cluster               : Monitor thread successfully connected to server with description ServerDescription{address=127.0.0.1:27017, type=STANDALONE, state=CONNECTED, ok=true, minWireVersion=0, maxWireVersion=17, maxDocumentSize=16777216, logicalSessionTimeoutMinutes=30, roundTripTimeNanos=6928149}
2022-12-24T18:32:25.971+09:00  INFO 58357 --- [restartedMain] o.s.b.d.a.OptionalLiveReloadServer       : LiveReload server is running on port 35729
2022-12-24T18:32:25.990+09:00  WARN 58357 --- [restartedMain] ocalVariableTableParameterNameDiscoverer : Using deprecated '-debug' fallback for parameter name resolution. Compile the affected code with '-parameters' instead or avoid its introspection: com.GetMyGraphicsCard.productservice.repository.ItemRepository
2022-12-24T18:32:25.996+09:00  WARN 58357 --- [restartedMain] ocalVariableTableParameterNameDiscoverer : Using deprecated '-debug' fallback for parameter name resolution. Compile the affected code with '-parameters' instead or avoid its introspection: com.GetMyGraphicsCard.productservice.service.WebClientServiceImpl
2022-12-24T18:32:26.170+09:00 DEBUG 58357 --- [restartedMain] s.w.s.m.m.a.RequestMappingHandlerAdapter : ControllerAdvice beans: 0 @ModelAttribute, 0 @InitBinder, 1 RequestBodyAdvice, 1 ResponseBodyAdvice
2022-12-24T18:32:26.200+09:00 DEBUG 58357 --- [restartedMain] s.w.s.m.m.a.RequestMappingHandlerMapping : 6 mappings in 'requestMappingHandlerMapping'
2022-12-24T18:32:26.209+09:00 DEBUG 58357 --- [restartedMain] o.s.w.s.handler.SimpleUrlHandlerMapping  : Patterns [/webjars/**, /**] in 'resourceHandlerMapping'
2022-12-24T18:32:26.212+09:00 DEBUG 58357 --- [restartedMain] .m.m.a.ExceptionHandlerExceptionResolver : ControllerAdvice beans: 1 @ExceptionHandler, 1 ResponseBodyAdvice
2022-12-24T18:32:26.303+09:00  INFO 58357 --- [restartedMain] o.s.b.w.embedded.tomcat.TomcatWebServer  : Tomcat started on port(s): 5000 (http) with context path ''
2022-12-24T18:32:26.313+09:00  INFO 58357 --- [restartedMain] c.G.p.ProductServiceApplication          : Started ProductServiceApplication in 1.228 seconds (process running for 1.387)
2022-12-24T18:32:59.575+09:00  INFO 58357 --- [http-nio-5000-exec-2] o.a.c.c.C.[Tomcat].[localhost].[/]       : Initializing Spring DispatcherServlet 'dispatcherServlet'
2022-12-24T18:32:59.575+09:00  INFO 58357 --- [http-nio-5000-exec-2] o.s.web.servlet.DispatcherServlet        : Initializing Servlet 'dispatcherServlet'
2022-12-24T18:32:59.575+09:00 DEBUG 58357 --- [http-nio-5000-exec-2] o.s.web.servlet.DispatcherServlet        : Detected StandardServletMultipartResolver
2022-12-24T18:32:59.575+09:00 DEBUG 58357 --- [http-nio-5000-exec-2] o.s.web.servlet.DispatcherServlet        : Detected AcceptHeaderLocaleResolver
2022-12-24T18:32:59.575+09:00 DEBUG 58357 --- [http-nio-5000-exec-2] o.s.web.servlet.DispatcherServlet        : Detected FixedThemeResolver
2022-12-24T18:32:59.575+09:00 DEBUG 58357 --- [http-nio-5000-exec-2] o.s.web.servlet.DispatcherServlet        : Detected org.springframework.web.servlet.view.DefaultRequestToViewNameTranslator@24e7317c
2022-12-24T18:32:59.575+09:00 DEBUG 58357 --- [http-nio-5000-exec-2] o.s.web.servlet.DispatcherServlet        : Detected org.springframework.web.servlet.support.SessionFlashMapManager@4ff7520f
2022-12-24T18:32:59.576+09:00 DEBUG 58357 --- [http-nio-5000-exec-2] o.s.web.servlet.DispatcherServlet        : enableLoggingRequestDetails='false': request parameters and headers will be masked to prevent unsafe logging of potentially sensitive data
2022-12-24T18:32:59.576+09:00  INFO 58357 --- [http-nio-5000-exec-2] o.s.web.servlet.DispatcherServlet        : Completed initialization in 1 ms
2022-12-24T18:32:59.578+09:00 DEBUG 58357 --- [http-nio-5000-exec-2] o.s.web.servlet.DispatcherServlet        : GET "/api/items/33816585619", parameters={}
2022-12-24T18:32:59.581+09:00 DEBUG 58357 --- [http-nio-5000-exec-2] s.w.s.m.m.a.RequestMappingHandlerMapping : Mapped to com.GetMyGraphicsCard.productservice.controller.ItemController#findItemById(String)
2022-12-24T18:32:59.584+09:00  WARN 58357 --- [http-nio-5000-exec-2] ocalVariableTableParameterNameDiscoverer : Using deprecated '-debug' fallback for parameter name resolution. Compile the affected code with '-parameters' instead or avoid its introspection: com.GetMyGraphicsCard.productservice.controller.ItemController
2022-12-24T18:32:59.614+09:00  INFO 58357 --- [http-nio-5000-exec-2] c.G.p.service.ItemServiceImpl            : Getting ProductId 33816585619 info..
2022-12-24T18:32:59.624+09:00 DEBUG 58357 --- [http-nio-5000-exec-2] m.m.a.RequestResponseBodyMethodProcessor : Using 'application/json', given [*/*] and supported [application/json, application/*+json]
2022-12-24T18:32:59.625+09:00 DEBUG 58357 --- [http-nio-5000-exec-2] m.m.a.RequestResponseBodyMethodProcessor : Writing [ItemResponse(title=컬러풀 지포스 GTX 1630 토마호크 D6 4GB, link=https://search.shopping.naver.com/gate.nhn?id= (truncated)...]
2022-12-24T18:32:59.630+09:00 DEBUG 58357 --- [http-nio-5000-exec-2] o.s.web.servlet.DispatcherServlet        : Completed 200 OK
